<?xml version="1.0" encoding="UTF-8"?>
<!-- Generated by org.testng.reporters.JUnitXMLReporter -->
<testsuite hostname="LAPTOP-P5VNPLK8" name="Surefire test" tests="3" failures="0" timestamp="23 May 2019 06:24:26 GMT" time="2.469" errors="0">
  <testcase name="testHasMatchUser" time="0.093" classname="com.smart.service.UserServiceTest"/>
  <testcase name="testAddLoginLog" time="0.191" classname="com.smart.service.UserServiceTest"/>
  <testcase name="testFindUserByUserName" time="0.519" classname="com.smart.service.UserServiceTest"/>
</testsuite> <!-- Surefire test -->
