<?xml version="1.0" encoding="UTF-8"?>
<testng-results skipped="0" failed="0" total="3" passed="3">
  <reporter-output>
  </reporter-output>
  <suite name="Surefire suite" duration-ms="2469" started-at="2019-05-23T06:24:24Z" finished-at="2019-05-23T06:24:26Z">
    <groups>
    </groups>
    <test name="Surefire test" duration-ms="2469" started-at="2019-05-23T06:24:24Z" finished-at="2019-05-23T06:24:26Z">
      <class name="com.smart.service.UserServiceTest">
        <test-method status="PASS" signature="springTestContextBeforeTestClass()[pri:0, instance:com.smart.service.UserServiceTest@185d8b6]" name="springTestContextBeforeTestClass" is-config="true" duration-ms="11" started-at="2019-05-23T14:24:24Z" finished-at="2019-05-23T14:24:24Z">
          <reporter-output>
          </reporter-output>
        </test-method> <!-- springTestContextBeforeTestClass -->
        <test-method status="PASS" signature="springTestContextPrepareTestInstance()[pri:0, instance:com.smart.service.UserServiceTest@185d8b6]" name="springTestContextPrepareTestInstance" is-config="true" duration-ms="1438" started-at="2019-05-23T14:24:24Z" depends-on-methods="org.springframework.test.context.testng.AbstractTestNGSpringContextTests.springTestContextBeforeTestClass" finished-at="2019-05-23T14:24:25Z">
          <reporter-output>
          </reporter-output>
        </test-method> <!-- springTestContextPrepareTestInstance -->
        <test-method status="PASS" signature="springTestContextBeforeTestMethod(java.lang.reflect.Method)[pri:0, instance:com.smart.service.UserServiceTest@185d8b6]" name="springTestContextBeforeTestMethod" is-config="true" duration-ms="467" started-at="2019-05-23T14:24:25Z" finished-at="2019-05-23T14:24:26Z">
          <params>
            <param index="0">
              <value>
                <![CDATA[public void com.smart.service.UserServiceTest.testHasMatchUser()]]>
              </value>
            </param>
          </params>
          <reporter-output>
          </reporter-output>
        </test-method> <!-- springTestContextBeforeTestMethod -->
        <test-method status="PASS" signature="springTestContextBeforeTestMethod(java.lang.reflect.Method)[pri:0, instance:com.smart.service.UserServiceTest@185d8b6]" name="springTestContextBeforeTestMethod" is-config="true" duration-ms="467" started-at="2019-05-23T14:24:25Z" finished-at="2019-05-23T14:24:26Z">
          <params>
            <param index="0">
              <value>
                <![CDATA[public void com.smart.service.UserServiceTest.testAddLoginLog()]]>
              </value>
            </param>
          </params>
          <reporter-output>
          </reporter-output>
        </test-method> <!-- springTestContextBeforeTestMethod -->
        <test-method status="PASS" signature="springTestContextBeforeTestMethod(java.lang.reflect.Method)[pri:0, instance:com.smart.service.UserServiceTest@185d8b6]" name="springTestContextBeforeTestMethod" is-config="true" duration-ms="467" started-at="2019-05-23T14:24:25Z" finished-at="2019-05-23T14:24:26Z">
          <params>
            <param index="0">
              <value>
                <![CDATA[public void com.smart.service.UserServiceTest.testFindUserByUserName() throws java.lang.Exception]]>
              </value>
            </param>
          </params>
          <reporter-output>
          </reporter-output>
        </test-method> <!-- springTestContextBeforeTestMethod -->
        <test-method status="PASS" signature="testFindUserByUserName()[pri:0, instance:com.smart.service.UserServiceTest@185d8b6]" name="testFindUserByUserName" duration-ms="519" started-at="2019-05-23T14:24:26Z" finished-at="2019-05-23T14:24:26Z">
          <reporter-output>
          </reporter-output>
        </test-method> <!-- testFindUserByUserName -->
        <test-method status="PASS" signature="testHasMatchUser()[pri:0, instance:com.smart.service.UserServiceTest@185d8b6]" name="testHasMatchUser" duration-ms="93" started-at="2019-05-23T14:24:26Z" finished-at="2019-05-23T14:24:26Z">
          <reporter-output>
          </reporter-output>
        </test-method> <!-- testHasMatchUser -->
        <test-method status="PASS" signature="testAddLoginLog()[pri:0, instance:com.smart.service.UserServiceTest@185d8b6]" name="testAddLoginLog" duration-ms="191" started-at="2019-05-23T14:24:26Z" finished-at="2019-05-23T14:24:26Z">
          <reporter-output>
          </reporter-output>
        </test-method> <!-- testAddLoginLog -->
        <test-method status="PASS" signature="springTestContextAfterTestMethod(java.lang.reflect.Method)[pri:0, instance:com.smart.service.UserServiceTest@185d8b6]" name="springTestContextAfterTestMethod" is-config="true" duration-ms="83" started-at="2019-05-23T14:24:26Z" finished-at="2019-05-23T14:24:26Z">
          <params>
            <param index="0">
              <value>
                <![CDATA[public void com.smart.service.UserServiceTest.testHasMatchUser()]]>
              </value>
            </param>
          </params>
          <reporter-output>
          </reporter-output>
        </test-method> <!-- springTestContextAfterTestMethod -->
        <test-method status="PASS" signature="springTestContextAfterTestMethod(java.lang.reflect.Method)[pri:0, instance:com.smart.service.UserServiceTest@185d8b6]" name="springTestContextAfterTestMethod" is-config="true" duration-ms="19" started-at="2019-05-23T14:24:26Z" finished-at="2019-05-23T14:24:26Z">
          <params>
            <param index="0">
              <value>
                <![CDATA[public void com.smart.service.UserServiceTest.testAddLoginLog()]]>
              </value>
            </param>
          </params>
          <reporter-output>
          </reporter-output>
        </test-method> <!-- springTestContextAfterTestMethod -->
        <test-method status="PASS" signature="springTestContextAfterTestMethod(java.lang.reflect.Method)[pri:0, instance:com.smart.service.UserServiceTest@185d8b6]" name="springTestContextAfterTestMethod" is-config="true" duration-ms="11" started-at="2019-05-23T14:24:26Z" finished-at="2019-05-23T14:24:26Z">
          <params>
            <param index="0">
              <value>
                <![CDATA[public void com.smart.service.UserServiceTest.testFindUserByUserName() throws java.lang.Exception]]>
              </value>
            </param>
          </params>
          <reporter-output>
          </reporter-output>
        </test-method> <!-- springTestContextAfterTestMethod -->
        <test-method status="PASS" signature="springTestContextAfterTestClass()[pri:0, instance:com.smart.service.UserServiceTest@185d8b6]" name="springTestContextAfterTestClass" is-config="true" duration-ms="0" started-at="2019-05-23T14:24:26Z" finished-at="2019-05-23T14:24:26Z">
          <reporter-output>
          </reporter-output>
        </test-method> <!-- springTestContextAfterTestClass -->
      </class> <!-- com.smart.service.UserServiceTest -->
    </test> <!-- Surefire test -->
  </suite> <!-- Surefire suite -->
</testng-results>
